[2019-11-11 12:32:58.164] [exthost] [info] extension host started
[2019-11-11 12:32:58.212] [exthost] [info] ExtensionService#_doActivateExtension vscode.debug-auto-launch {"startup":true,"extensionId":{"value":"vscode.debug-auto-launch","_lower":"vscode.debug-auto-launch"},"activationEvent":"*"}
[2019-11-11 12:32:58.214] [exthost] [info] ExtensionService#loadCommonJSModule file:///usr/share/code/resources/app/extensions/debug-auto-launch/dist/extension
[2019-11-11 12:32:58.223] [exthost] [info] ExtensionService#_doActivateExtension vscode.emmet {"startup":true,"extensionId":{"value":"vscode.emmet","_lower":"vscode.emmet"},"activationEvent":"*"}
[2019-11-11 12:32:58.223] [exthost] [info] ExtensionService#loadCommonJSModule file:///usr/share/code/resources/app/extensions/emmet/dist/extension
[2019-11-11 12:32:58.270] [exthost] [info] ExtensionService#_doActivateExtension vscode.git {"startup":true,"extensionId":{"value":"vscode.git","_lower":"vscode.git"},"activationEvent":"*"}
[2019-11-11 12:32:58.270] [exthost] [info] ExtensionService#loadCommonJSModule file:///usr/share/code/resources/app/extensions/git/dist/main
[2019-11-11 12:32:58.320] [exthost] [info] ExtensionService#_doActivateExtension vscode.merge-conflict {"startup":true,"extensionId":{"value":"vscode.merge-conflict","_lower":"vscode.merge-conflict"},"activationEvent":"*"}
[2019-11-11 12:32:58.320] [exthost] [info] ExtensionService#loadCommonJSModule file:///usr/share/code/resources/app/extensions/merge-conflict/dist/extension
[2019-11-11 12:32:58.323] [exthost] [info] ExtensionService#_doActivateExtension Equinusocio.vsc-material-theme {"startup":true,"extensionId":{"value":"Equinusocio.vsc-material-theme","_lower":"equinusocio.vsc-material-theme"},"activationEvent":"*"}
[2019-11-11 12:32:58.323] [exthost] [info] ExtensionService#loadCommonJSModule file:///home/alejandro/.vscode/extensions/equinusocio.vsc-material-theme-30.0.0/out/src/material.theme.config
[2019-11-11 12:32:58.328] [exthost] [info] ExtensionService#_doActivateExtension esbenp.prettier-vscode {"startup":true,"extensionId":{"value":"esbenp.prettier-vscode","_lower":"esbenp.prettier-vscode"},"activationEvent":"*"}
[2019-11-11 12:32:58.328] [exthost] [info] ExtensionService#loadCommonJSModule file:///home/alejandro/.vscode/extensions/esbenp.prettier-vscode-2.3.0/out/extension
[2019-11-11 12:32:58.493] [exthost] [info] ExtensionService#_doActivateExtension Janne252.fontawesome-autocomplete {"startup":true,"extensionId":{"value":"Janne252.fontawesome-autocomplete","_lower":"janne252.fontawesome-autocomplete"},"activationEvent":"*"}
[2019-11-11 12:32:58.493] [exthost] [info] ExtensionService#loadCommonJSModule file:///home/alejandro/.vscode/extensions/janne252.fontawesome-autocomplete-0.1.8/out/extension
[2019-11-11 12:32:58.523] [exthost] [info] ExtensionService#_doActivateExtension PKief.material-icon-theme {"startup":true,"extensionId":{"value":"PKief.material-icon-theme","_lower":"pkief.material-icon-theme"},"activationEvent":"*"}
[2019-11-11 12:32:58.523] [exthost] [info] ExtensionService#loadCommonJSModule file:///home/alejandro/.vscode/extensions/pkief.material-icon-theme-3.9.1/dist/extension
[2019-11-11 12:32:58.534] [exthost] [info] ExtensionService#_doActivateExtension vscode-icons-team.vscode-icons {"startup":true,"extensionId":{"value":"vscode-icons-team.vscode-icons","_lower":"vscode-icons-team.vscode-icons"},"activationEvent":"*"}
[2019-11-11 12:32:58.534] [exthost] [info] ExtensionService#loadCommonJSModule file:///home/alejandro/.vscode/extensions/vscode-icons-team.vscode-icons-9.5.0/dist/src/vscode-icons.bundle.js
[2019-11-11 12:32:58.608] [exthost] [info] eager extensions activated
[2019-11-11 12:33:19.652] [exthost] [info] extension host started
[2019-11-11 12:33:19.659] [exthost] [info] ExtensionService#_doActivateExtension vscode.debug-auto-launch {"startup":true,"extensionId":{"value":"vscode.debug-auto-launch","_lower":"vscode.debug-auto-launch"},"activationEvent":"*"}
[2019-11-11 12:33:19.660] [exthost] [info] ExtensionService#loadCommonJSModule file:///usr/share/code/resources/app/extensions/debug-auto-launch/dist/extension
[2019-11-11 12:33:19.663] [exthost] [info] ExtensionService#_doActivateExtension vscode.emmet {"startup":true,"extensionId":{"value":"vscode.emmet","_lower":"vscode.emmet"},"activationEvent":"*"}
[2019-11-11 12:33:19.663] [exthost] [info] ExtensionService#loadCommonJSModule file:///usr/share/code/resources/app/extensions/emmet/dist/extension
[2019-11-11 12:33:19.686] [exthost] [info] ExtensionService#_doActivateExtension vscode.git {"startup":true,"extensionId":{"value":"vscode.git","_lower":"vscode.git"},"activationEvent":"*"}
[2019-11-11 12:33:19.686] [exthost] [info] ExtensionService#loadCommonJSModule file:///usr/share/code/resources/app/extensions/git/dist/main
[2019-11-11 12:33:19.742] [exthost] [info] ExtensionService#_doActivateExtension vscode.merge-conflict {"startup":true,"extensionId":{"value":"vscode.merge-conflict","_lower":"vscode.merge-conflict"},"activationEvent":"*"}
[2019-11-11 12:33:19.742] [exthost] [info] ExtensionService#loadCommonJSModule file:///usr/share/code/resources/app/extensions/merge-conflict/dist/extension
[2019-11-11 12:33:19.745] [exthost] [info] ExtensionService#_doActivateExtension Equinusocio.vsc-material-theme {"startup":true,"extensionId":{"value":"Equinusocio.vsc-material-theme","_lower":"equinusocio.vsc-material-theme"},"activationEvent":"*"}
[2019-11-11 12:33:19.746] [exthost] [info] ExtensionService#loadCommonJSModule file:///home/alejandro/.vscode/extensions/equinusocio.vsc-material-theme-30.0.0/out/src/material.theme.config
[2019-11-11 12:33:19.750] [exthost] [info] ExtensionService#_doActivateExtension esbenp.prettier-vscode {"startup":true,"extensionId":{"value":"esbenp.prettier-vscode","_lower":"esbenp.prettier-vscode"},"activationEvent":"*"}
[2019-11-11 12:33:19.750] [exthost] [info] ExtensionService#loadCommonJSModule file:///home/alejandro/.vscode/extensions/esbenp.prettier-vscode-2.3.0/out/extension
[2019-11-11 12:33:19.857] [exthost] [info] ExtensionService#_doActivateExtension Janne252.fontawesome-autocomplete {"startup":true,"extensionId":{"value":"Janne252.fontawesome-autocomplete","_lower":"janne252.fontawesome-autocomplete"},"activationEvent":"*"}
[2019-11-11 12:33:19.857] [exthost] [info] ExtensionService#loadCommonJSModule file:///home/alejandro/.vscode/extensions/janne252.fontawesome-autocomplete-0.1.8/out/extension
[2019-11-11 12:33:19.891] [exthost] [info] ExtensionService#_doActivateExtension PKief.material-icon-theme {"startup":true,"extensionId":{"value":"PKief.material-icon-theme","_lower":"pkief.material-icon-theme"},"activationEvent":"*"}
[2019-11-11 12:33:19.891] [exthost] [info] ExtensionService#loadCommonJSModule file:///home/alejandro/.vscode/extensions/pkief.material-icon-theme-3.9.1/dist/extension
[2019-11-11 12:33:19.903] [exthost] [info] ExtensionService#_doActivateExtension vscode-icons-team.vscode-icons {"startup":true,"extensionId":{"value":"vscode-icons-team.vscode-icons","_lower":"vscode-icons-team.vscode-icons"},"activationEvent":"*"}
[2019-11-11 12:33:19.903] [exthost] [info] ExtensionService#loadCommonJSModule file:///home/alejandro/.vscode/extensions/vscode-icons-team.vscode-icons-9.5.0/dist/src/vscode-icons.bundle.js
[2019-11-11 12:33:19.963] [exthost] [info] ExtensionService#_doActivateExtension vscode.npm {"startup":true,"extensionId":{"value":"vscode.npm","_lower":"vscode.npm"},"activationEvent":"workspaceContains:package.json"}
[2019-11-11 12:33:19.963] [exthost] [info] ExtensionService#loadCommonJSModule file:///usr/share/code/resources/app/extensions/npm/dist/main
[2019-11-11 12:33:20.392] [exthost] [info] eager extensions activated
[2019-11-11 12:36:03.712] [exthost] [info] ExtensionService#_doActivateExtension vscode.extension-editing {"startup":false,"extensionId":{"value":"vscode.extension-editing","_lower":"vscode.extension-editing"},"activationEvent":"onLanguage:typescript"}
[2019-11-11 12:36:03.712] [exthost] [info] ExtensionService#loadCommonJSModule file:///usr/share/code/resources/app/extensions/extension-editing/dist/extension
[2019-11-11 12:36:03.729] [exthost] [info] ExtensionService#_doActivateExtension vscode.typescript-language-features {"startup":false,"extensionId":{"value":"vscode.typescript-language-features","_lower":"vscode.typescript-language-features"},"activationEvent":"onLanguage:typescript"}
[2019-11-11 12:36:03.729] [exthost] [info] ExtensionService#loadCommonJSModule file:///usr/share/code/resources/app/extensions/typescript-language-features/dist/extension
[2019-11-11 12:36:03.756] [exthost] [info] ExtensionService#_doActivateExtension ms-vscode.vscode-typescript-tslint-plugin {"startup":false,"extensionId":{"value":"ms-vscode.vscode-typescript-tslint-plugin","_lower":"ms-vscode.vscode-typescript-tslint-plugin"},"activationEvent":"onLanguage:typescript"}
[2019-11-11 12:36:03.757] [exthost] [info] ExtensionService#loadCommonJSModule file:///home/alejandro/.vscode/extensions/ms-vscode.vscode-typescript-tslint-plugin-1.2.2/out/index.js
[2019-11-11 12:36:11.761] [exthost] [info] ExtensionService#_doActivateExtension vscode.configuration-editing {"startup":false,"extensionId":{"value":"vscode.configuration-editing","_lower":"vscode.configuration-editing"},"activationEvent":"onLanguage:jsonc"}
[2019-11-11 12:36:11.761] [exthost] [info] ExtensionService#loadCommonJSModule file:///usr/share/code/resources/app/extensions/configuration-editing/dist/extension
[2019-11-11 12:36:11.773] [exthost] [info] ExtensionService#_doActivateExtension vscode.json-language-features {"startup":false,"extensionId":{"value":"vscode.json-language-features","_lower":"vscode.json-language-features"},"activationEvent":"onLanguage:jsonc"}
[2019-11-11 12:36:11.773] [exthost] [info] ExtensionService#loadCommonJSModule file:///usr/share/code/resources/app/extensions/json-language-features/client/dist/jsonMain
